<?xml version="1.0" encoding="UTF-8"?>
<!-- Generated by org.testng.reporters.JUnitXMLReporter -->
<testsuite hostname="F198DTRV" ignored="0" name="TC_CMS_HealthCheck_002_CreateanOfferwithoutSavingasDraftorSubmitting" tests="1" failures="0" timestamp="16 Jun 2017 10:31:11 GMT" time="0.011" errors="0">
  <testcase name="@BeforeClass initializeTestBaseSetup" time="0.0" classname="com.heb.cms.nscomp.setup.DriverSetup">
    <failure type="org.testng.TestNGException" message="
Parameter &amp;apos;browserType&amp;apos; is required by BeforeClass on method initializeTestBaseSetup but has not been marked @Optional or defined
in D:\Projects\HEBCMS\testng.xml">
      <![CDATA[org.testng.TestNGException: 
Parameter 'browserType' is required by BeforeClass on method initializeTestBaseSetup but has not been marked @Optional or defined
in D:\Projects\HEBCMS\testng.xml
... Removed 22 stack frames]]>
    </failure>
  </testcase> <!-- @BeforeClass initializeTestBaseSetup -->
  <testcase name="@BeforeClass setUp" time="0.0" classname="com.heb.cms.nscomp.tests.CreateOfferTest">
    <skipped/>
  </testcase> <!-- @BeforeClass setUp -->
  <testcase name="@AfterClass tearDown" time="0.0" classname="com.heb.cms.nscomp.setup.DriverSetup">
    <skipped/>
  </testcase> <!-- @AfterClass tearDown -->
  <testcase name="testDriver" time="0.0" classname="com.heb.cms.nscomp.tests.CreateOfferTest">
    <skipped/>
  </testcase> <!-- testDriver -->
</testsuite> <!-- TC_CMS_HealthCheck_002_CreateanOfferwithoutSavingasDraftorSubmitting -->
